[debug] [2026-06-05T13:03:35.748Z] ----------------------------------------------------------------------
[debug] [2026-06-05T13:03:35.756Z] Command:       C:\Program Files\nodejs\node.exe C:\Users\mayar\AppData\Roaming\npm\node_modules\firebase-tools\lib\bin\firebase.js deploy --only functions
[debug] [2026-06-05T13:03:35.756Z] CLI Version:   15.19.0
[debug] [2026-06-05T13:03:35.756Z] Platform:      win32
[debug] [2026-06-05T13:03:35.756Z] Node Version:  v24.13.1
[debug] [2026-06-05T13:03:35.756Z] Time:          Fri Jun 05 2026 16:03:35 GMT+0300 (Israel Daylight Time)
[debug] [2026-06-05T13:03:35.757Z] ----------------------------------------------------------------------
[debug] 
[debug] [2026-06-05T13:03:38.991Z] > command requires scopes: ["email","openid","https://www.googleapis.com/auth/cloudplatformprojects.readonly","https://www.googleapis.com/auth/firebase","https://www.googleapis.com/auth/cloud-platform"]
[debug] [2026-06-05T13:03:38.991Z] > authorizing via signed-in user (memulaiim@gmail.com)
[debug] [2026-06-05T13:03:38.992Z] [iam] checking project memulaim-88a26 for permissions ["cloudfunctions.functions.create","cloudfunctions.functions.delete","cloudfunctions.functions.get","cloudfunctions.functions.list","cloudfunctions.functions.update","cloudfunctions.operations.get","firebase.projects.get"]
[debug] [2026-06-05T13:03:38.996Z] Checked if tokens are valid: true, expires at: 1780666248890
[debug] [2026-06-05T13:03:38.996Z] Checked if tokens are valid: true, expires at: 1780666248890
[debug] [2026-06-05T13:03:38.998Z] >>> [apiv2][query] POST https://cloudresourcemanager.googleapis.com/v1/projects/memulaim-88a26:testIamPermissions [none]
[debug] [2026-06-05T13:03:38.998Z] >>> [apiv2][(partial)header] POST https://cloudresourcemanager.googleapis.com/v1/projects/memulaim-88a26:testIamPermissions  x-goog-user-project=memulaim-88a26
[debug] [2026-06-05T13:03:38.998Z] >>> [apiv2][body] POST https://cloudresourcemanager.googleapis.com/v1/projects/memulaim-88a26:testIamPermissions {"permissions":["cloudfunctions.functions.create","cloudfunctions.functions.delete","cloudfunctions.functions.get","cloudfunctions.functions.list","cloudfunctions.functions.update","cloudfunctions.operations.get","firebase.projects.get"]}
[debug] [2026-06-05T13:03:40.169Z] <<< [apiv2][status] POST https://cloudresourcemanager.googleapis.com/v1/projects/memulaim-88a26:testIamPermissions 200
[debug] [2026-06-05T13:03:40.170Z] <<< [apiv2][body] POST https://cloudresourcemanager.googleapis.com/v1/projects/memulaim-88a26:testIamPermissions {"permissions":["cloudfunctions.functions.create","cloudfunctions.functions.delete","cloudfunctions.functions.get","cloudfunctions.functions.list","cloudfunctions.functions.update","cloudfunctions.operations.get","firebase.projects.get"]}
[debug] [2026-06-05T13:03:40.171Z] Checked if tokens are valid: true, expires at: 1780666248890
[debug] [2026-06-05T13:03:40.171Z] Checked if tokens are valid: true, expires at: 1780666248890
[debug] [2026-06-05T13:03:40.172Z] >>> [apiv2][query] POST https://iam.googleapis.com/v1/projects/memulaim-88a26/serviceAccounts/memulaim-88a26@appspot.gserviceaccount.com:testIamPermissions [none]
[debug] [2026-06-05T13:03:40.172Z] >>> [apiv2][body] POST https://iam.googleapis.com/v1/projects/memulaim-88a26/serviceAccounts/memulaim-88a26@appspot.gserviceaccount.com:testIamPermissions {"permissions":["iam.serviceAccounts.actAs"]}
[debug] [2026-06-05T13:03:41.241Z] <<< [apiv2][status] POST https://iam.googleapis.com/v1/projects/memulaim-88a26/serviceAccounts/memulaim-88a26@appspot.gserviceaccount.com:testIamPermissions 404
[debug] [2026-06-05T13:03:41.241Z] <<< [apiv2][body] POST https://iam.googleapis.com/v1/projects/memulaim-88a26/serviceAccounts/memulaim-88a26@appspot.gserviceaccount.com:testIamPermissions {"error":{"code":404,"message":"Unknown service account","status":"NOT_FOUND"}}
[debug] [2026-06-05T13:03:41.242Z] [functions] service account IAM check errored, deploy may fail: Request to https://iam.googleapis.com/v1/projects/memulaim-88a26/serviceAccounts/memulaim-88a26@appspot.gserviceaccount.com:testIamPermissions had HTTP Error: 404, Unknown service account {"name":"FirebaseError","children":[],"context":{"body":{"error":{"code":404,"message":"Unknown service account","status":"NOT_FOUND"}},"response":{"statusCode":404}},"exit":1,"message":"Request to https://iam.googleapis.com/v1/projects/memulaim-88a26/serviceAccounts/memulaim-88a26@appspot.gserviceaccount.com:testIamPermissions had HTTP Error: 404, Unknown service account","status":404}
[info] 
[info] === Deploying to 'memulaim-88a26'...
[info] 
[info] i  deploying functions 
[debug] [2026-06-05T13:03:41.254Z] Checked if tokens are valid: true, expires at: 1780666248890
[debug] [2026-06-05T13:03:41.254Z] Checked if tokens are valid: true, expires at: 1780666248890
[debug] [2026-06-05T13:03:41.254Z] >>> [apiv2][query] GET https://cloudresourcemanager.googleapis.com/v1/projects/memulaim-88a26 [none]
[debug] [2026-06-05T13:03:41.481Z] <<< [apiv2][status] GET https://cloudresourcemanager.googleapis.com/v1/projects/memulaim-88a26 200
[debug] [2026-06-05T13:03:41.481Z] <<< [apiv2][body] GET https://cloudresourcemanager.googleapis.com/v1/projects/memulaim-88a26 {"projectNumber":"682248918203","projectId":"memulaim-88a26","lifecycleState":"ACTIVE","name":"MEMULAIM","labels":{"firebase":"enabled","firebase-core":"disabled"},"createTime":"2026-05-31T18:18:10.906Z"}
[info] i  functions: preparing codebase default for deployment 
[info] i  functions: ensuring required API cloudfunctions.googleapis.com is enabled... 
[info] i  functions: ensuring required API cloudbuild.googleapis.com is enabled... 
[info] i  artifactregistry: ensuring required API artifactregistry.googleapis.com is enabled... 
[debug] [2026-06-05T13:03:41.489Z] Checked if tokens are valid: true, expires at: 1780666248890
[debug] [2026-06-05T13:03:41.490Z] Checked if tokens are valid: true, expires at: 1780666248890
[debug] [2026-06-05T13:03:41.490Z] >>> [apiv2][query] GET https://firebase.googleapis.com/v1beta1/projects/memulaim-88a26/adminSdkConfig [none]
[debug] [2026-06-05T13:03:41.896Z] <<< [apiv2][status] GET https://firebase.googleapis.com/v1beta1/projects/memulaim-88a26/adminSdkConfig 200
[debug] [2026-06-05T13:03:41.896Z] <<< [apiv2][body] GET https://firebase.googleapis.com/v1beta1/projects/memulaim-88a26/adminSdkConfig {"projectId":"memulaim-88a26","storageBucket":"memulaim-88a26.firebasestorage.app"}
[debug] [2026-06-05T13:03:41.903Z] Validating nodejs source
[debug] [2026-06-05T13:03:45.098Z] > [functions] package.json contents: {
  "name": "functions",
  "description": "Cloud Functions for Firebase",
  "scripts": {
    "serve": "firebase emulators:start --only functions",
    "shell": "firebase functions:shell",
    "start": "npm run shell",
    "deploy": "firebase deploy --only functions",
    "logs": "firebase functions:log"
  },
  "engines": {
    "node": "24"
  },
  "main": "index.js",
  "dependencies": {
    "firebase-admin": "^13.6.0",
    "firebase-functions": "^7.0.0"
  },
  "devDependencies": {
    "firebase-functions-test": "^3.4.1"
  },
  "private": true
}
[debug] [2026-06-05T13:03:45.099Z] Building nodejs source
[info] i  functions: Loading and analyzing source code for codebase default to determine what to deploy 
[debug] [2026-06-05T13:03:45.103Z] Could not find functions.yaml. Must use http discovery
[debug] [2026-06-05T13:03:45.143Z] Found firebase-functions binary at 'C:\Users\mayar\OneDrive\Desktop\First Year\2th year\Semester B\web interface\web-interface-project-group-8\functions\node_modules\.bin\firebase-functions'
[info] Serving at port 8478

[debug] [2026-06-05T13:03:46.453Z] Got response from /__/functions.yaml {"endpoints":{"onNewSoldierRequest":{"availableMemoryMb":null,"timeoutSeconds":null,"minInstances":null,"maxInstances":10,"ingressSettings":null,"concurrency":null,"serviceAccountEmail":null,"vpc":null,"platform":"gcfv2","region":["me-west1"],"labels":{},"eventTrigger":{"eventType":"google.cloud.firestore.document.v1.created","eventFilters":{"database":"(default)","namespace":"(default)"},"eventFilterPathPatterns":{"document":"soldier_hosting_searches/{requestId}"},"retry":false},"entryPoint":"onNewSoldierRequest"},"onNewFamilyHosting":{"availableMemoryMb":null,"timeoutSeconds":null,"minInstances":null,"maxInstances":10,"ingressSettings":null,"concurrency":null,"serviceAccountEmail":null,"vpc":null,"platform":"gcfv2","region":["me-west1"],"labels":{},"eventTrigger":{"eventType":"google.cloud.firestore.document.v1.created","eventFilters":{"database":"(default)","namespace":"(default)"},"eventFilterPathPatterns":{"document":"family_hostings/{hostingId}"},"retry":false},"entryPoint":"onNewFamilyHosting"},"checkPendingRequests":{"availableMemoryMb":null,"timeoutSeconds":null,"minInstances":null,"maxInstances":10,"ingressSettings":null,"concurrency":null,"serviceAccountEmail":null,"vpc":null,"platform":"gcfv2","labels":{},"scheduleTrigger":{"schedule":"every 60 minutes","retryConfig":{"retryCount":null,"maxDoublings":null,"maxRetrySeconds":null,"minBackoffSeconds":null,"maxBackoffSeconds":null},"timeZone":null},"entryPoint":"checkPendingRequests"},"requestRematch":{"availableMemoryMb":null,"timeoutSeconds":null,"minInstances":null,"maxInstances":10,"ingressSettings":null,"concurrency":null,"serviceAccountEmail":null,"vpc":null,"platform":"gcfv2","labels":{},"callableTrigger":{},"entryPoint":"requestRematch"},"migrateValues":{"availableMemoryMb":null,"timeoutSeconds":null,"minInstances":null,"maxInstances":10,"ingressSettings":null,"concurrency":null,"serviceAccountEmail":null,"vpc":null,"platform":"gcfv2","labels":{},"callableTrigger":{},"entryPoint":"migrateValues"},"confirmMatch":{"availableMemoryMb":null,"timeoutSeconds":null,"minInstances":null,"maxInstances":10,"ingressSettings":null,"concurrency":null,"serviceAccountEmail":null,"vpc":null,"platform":"gcfv2","labels":{},"callableTrigger":{},"entryPoint":"confirmMatch"},"triggerMatchingForDate":{"availableMemoryMb":null,"timeoutSeconds":null,"minInstances":null,"maxInstances":10,"ingressSettings":null,"concurrency":null,"serviceAccountEmail":null,"vpc":null,"platform":"gcfv2","labels":{},"callableTrigger":{},"entryPoint":"triggerMatchingForDate"},"cancelHosting":{"availableMemoryMb":null,"timeoutSeconds":null,"minInstances":null,"maxInstances":10,"ingressSettings":null,"concurrency":null,"serviceAccountEmail":null,"vpc":null,"platform":"gcfv2","labels":{},"callableTrigger":{},"entryPoint":"cancelHosting"},"onHostingStatusChange":{"availableMemoryMb":null,"timeoutSeconds":null,"minInstances":null,"maxInstances":10,"ingressSettings":null,"concurrency":null,"serviceAccountEmail":null,"vpc":null,"platform":"gcfv2","region":["me-west1"],"labels":{},"eventTrigger":{"eventType":"google.cloud.firestore.document.v1.updated","eventFilters":{"database":"(default)","namespace":"(default)"},"eventFilterPathPatterns":{"document":"family_hostings/{hostingId}"},"retry":false},"entryPoint":"onHostingStatusChange"}},"specVersion":"v1alpha1","requiredAPIs":[{"api":"cloudscheduler.googleapis.com","reason":"Needed for scheduled functions."}],"extensions":{}}
[debug] [2026-06-05T13:03:50.504Z] Checked if tokens are valid: true, expires at: 1780666248890
[debug] [2026-06-05T13:03:50.504Z] Checked if tokens are valid: true, expires at: 1780666248890
[debug] [2026-06-05T13:03:50.504Z] >>> [apiv2][query] GET https://cloudfunctions.googleapis.com/v1/projects/memulaim-88a26/locations/-/functions [none]
[debug] [2026-06-05T13:03:51.516Z] <<< [apiv2][status] GET https://cloudfunctions.googleapis.com/v1/projects/memulaim-88a26/locations/-/functions 200
[debug] [2026-06-05T13:03:51.516Z] <<< [apiv2][body] GET https://cloudfunctions.googleapis.com/v1/projects/memulaim-88a26/locations/-/functions {}
[debug] [2026-06-05T13:03:51.517Z] Checked if tokens are valid: true, expires at: 1780666248890
[debug] [2026-06-05T13:03:51.517Z] Checked if tokens are valid: true, expires at: 1780666248890
[debug] [2026-06-05T13:03:51.519Z] >>> [apiv2][query] GET https://cloudfunctions.googleapis.com/v2/projects/memulaim-88a26/locations/-/functions filter=environment%3D%22GEN_2%22
[debug] [2026-06-05T13:03:52.547Z] <<< [apiv2][status] GET https://cloudfunctions.googleapis.com/v2/projects/memulaim-88a26/locations/-/functions 200
[debug] [2026-06-05T13:03:52.548Z] <<< [apiv2][body] GET https://cloudfunctions.googleapis.com/v2/projects/memulaim-88a26/locations/-/functions {"functions":[{"name":"projects/memulaim-88a26/locations/me-west1/functions/onNewFamilyHosting","buildConfig":{"build":"projects/682248918203/locations/me-west1/builds/e343ae5e-dd0f-4882-91c4-4c7494dcce11","runtime":"nodejs24","entryPoint":"onNewFamilyHosting","source":{"storageSource":{"bucket":"gcf-v2-sources-682248918203-me-west1","object":"onNewFamilyHosting/function-source.zip","generation":"1780663182712441"}},"environmentVariables":{"GOOGLE_NODE_RUN_SCRIPTS":""},"dockerRepository":"projects/memulaim-88a26/locations/me-west1/repositories/gcf-artifacts","sourceProvenance":{"resolvedStorageSource":{"bucket":"gcf-v2-sources-682248918203-me-west1","object":"onNewFamilyHosting/function-source.zip","generation":"1780663182712441"}},"dockerRegistry":"ARTIFACT_REGISTRY","serviceAccount":"projects/memulaim-88a26/serviceAccounts/682248918203-compute@developer.gserviceaccount.com","automaticUpdatePolicy":{}},"serviceConfig":{"service":"projects/memulaim-88a26/locations/me-west1/services/onnewfamilyhosting","timeoutSeconds":60,"environmentVariables":{"FIREBASE_CONFIG":"{\"projectId\":\"memulaim-88a26\",\"storageBucket\":\"memulaim-88a26.firebasestorage.app\"}","GCLOUD_PROJECT":"memulaim-88a26","EVENTARC_CLOUD_EVENT_SOURCE":"projects/memulaim-88a26/locations/me-west1/services/onNewFamilyHosting","FUNCTION_SIGNATURE_TYPE":"cloudevent","FUNCTION_TARGET":"onNewFamilyHosting","LOG_EXECUTION_ID":"true"},"maxInstanceCount":10,"ingressSettings":"ALLOW_ALL","uri":"https://onnewfamilyhosting-l7ai23lkna-zf.a.run.app","serviceAccountEmail":"682248918203-compute@developer.gserviceaccount.com","availableMemory":"256Mi","allTrafficOnLatestRevision":true,"revision":"onnewfamilyhosting-00007-xid","maxInstanceRequestConcurrency":80,"availableCpu":"1"},"eventTrigger":{"trigger":"projects/memulaim-88a26/locations/me-west1/triggers/onnewfamilyhosting-679775","triggerRegion":"me-west1","eventType":"google.cloud.firestore.document.v1.created","eventFilters":[{"attribute":"database","value":"(default)"},{"attribute":"namespace","value":"(default)"},{"attribute":"document","value":"family_hostings/{hostingId}","operator":"match-path-pattern"}],"pubsubTopic":"projects/memulaim-88a26/topics/eventarc-me-west1-onnewfamilyhosting-679775-913","serviceAccountEmail":"682248918203-compute@developer.gserviceaccount.com","retryPolicy":"RETRY_POLICY_DO_NOT_RETRY"},"state":"ACTIVE","updateTime":"2026-06-05T12:39:49.930316881Z","labels":{"deployment-tool":"cli-firebase","firebase-functions-hash":"a4c720afd8ad71b7b869cddb54d5f9280965c77d"},"environment":"GEN_2","url":"https://me-west1-memulaim-88a26.cloudfunctions.net/onNewFamilyHosting","satisfiesPzs":true,"createTime":"2026-06-01T11:10:13.849839645Z","satisfiesPzi":true},{"name":"projects/memulaim-88a26/locations/me-west1/functions/onHostingStatusChange","buildConfig":{"build":"projects/682248918203/locations/me-west1/builds/2591a3eb-c57a-4769-bbcd-96baee24faa1","runtime":"nodejs24","entryPoint":"onHostingStatusChange","source":{"storageSource":{"bucket":"gcf-v2-sources-682248918203-me-west1","object":"onHostingStatusChange/function-source.zip","generation":"1780663378814866"}},"environmentVariables":{"GOOGLE_NODE_RUN_SCRIPTS":""},"dockerRepository":"projects/memulaim-88a26/locations/me-west1/repositories/gcf-artifacts","sourceProvenance":{"resolvedStorageSource":{"bucket":"gcf-v2-sources-682248918203-me-west1","object":"onHostingStatusChange/function-source.zip","generation":"1780663378814866"}},"dockerRegistry":"ARTIFACT_REGISTRY","serviceAccount":"projects/memulaim-88a26/serviceAccounts/682248918203-compute@developer.gserviceaccount.com","automaticUpdatePolicy":{}},"serviceConfig":{"service":"projects/memulaim-88a26/locations/me-west1/services/onhostingstatuschange","timeoutSeconds":60,"environmentVariables":{"FIREBASE_CONFIG":"{\"projectId\":\"memulaim-88a26\",\"storageBucket\":\"memulaim-88a26.firebasestorage.app\"}","GCLOUD_PROJECT":"memulaim-88a26","EVENTARC_CLOUD_EVENT_SOURCE":"projects/memulaim-88a26/locations/me-west1/services/onHostingStatusChange","FUNCTION_SIGNATURE_TYPE":"cloudevent","FUNCTION_TARGET":"onHostingStatusChange","LOG_EXECUTION_ID":"true"},"maxInstanceCount":10,"ingressSettings":"ALLOW_ALL","uri":"https://onhostingstatuschange-l7ai23lkna-zf.a.run.app","serviceAccountEmail":"682248918203-compute@developer.gserviceaccount.com","availableMemory":"256Mi","allTrafficOnLatestRevision":true,"revision":"onhostingstatuschange-00001-pet","maxInstanceRequestConcurrency":80,"availableCpu":"1"},"eventTrigger":{"trigger":"projects/memulaim-88a26/locations/me-west1/triggers/onhostingstatuschange-813522","triggerRegion":"me-west1","eventType":"google.cloud.firestore.document.v1.updated","eventFilters":[{"attribute":"database","value":"(default)"},{"attribute":"namespace","value":"(default)"},{"attribute":"document","value":"family_hostings/{hostingId}","operator":"match-path-pattern"}],"pubsubTopic":"projects/memulaim-88a26/topics/eventarc-me-west1-onhostingstatuschange-813522-132","serviceAccountEmail":"682248918203-compute@developer.gserviceaccount.com","retryPolicy":"RETRY_POLICY_DO_NOT_RETRY"},"state":"ACTIVE","updateTime":"2026-06-05T12:44:15.960014260Z","labels":{"deployment-tool":"cli-firebase","firebase-functions-hash":"a4c720afd8ad71b7b869cddb54d5f9280965c77d"},"environment":"GEN_2","url":"https://me-west1-memulaim-88a26.cloudfunctions.net/onHostingStatusChange","satisfiesPzs":true,"createTime":"2026-06-05T12:42:59.245929737Z","satisfiesPzi":true},{"name":"projects/memulaim-88a26/locations/me-west1/functions/onNewSoldierRequest","buildConfig":{"build":"projects/682248918203/locations/me-west1/builds/e343ae5e-dd0f-4882-91c4-4c7494dcce11","runtime":"nodejs24","entryPoint":"onNewSoldierRequest","source":{"storageSource":{"bucket":"gcf-v2-sources-682248918203-me-west1","object":"onNewSoldierRequest/function-source.zip","generation":"1780663182501934"}},"environmentVariables":{"GOOGLE_NODE_RUN_SCRIPTS":""},"dockerRepository":"projects/memulaim-88a26/locations/me-west1/repositories/gcf-artifacts","sourceProvenance":{"resolvedStorageSource":{"bucket":"gcf-v2-sources-682248918203-me-west1","object":"onNewSoldierRequest/function-source.zip","generation":"1780663182501934"}},"dockerRegistry":"ARTIFACT_REGISTRY","serviceAccount":"projects/memulaim-88a26/serviceAccounts/682248918203-compute@developer.gserviceaccount.com","automaticUpdatePolicy":{}},"serviceConfig":{"service":"projects/memulaim-88a26/locations/me-west1/services/onnewsoldierrequest","timeoutSeconds":60,"environmentVariables":{"FIREBASE_CONFIG":"{\"projectId\":\"memulaim-88a26\",\"storageBucket\":\"memulaim-88a26.firebasestorage.app\"}","GCLOUD_PROJECT":"memulaim-88a26","EVENTARC_CLOUD_EVENT_SOURCE":"projects/memulaim-88a26/locations/me-west1/services/onNewSoldierRequest","FUNCTION_SIGNATURE_TYPE":"cloudevent","FUNCTION_TARGET":"onNewSoldierRequest","LOG_EXECUTION_ID":"true"},"maxInstanceCount":10,"ingressSettings":"ALLOW_ALL","uri":"https://onnewsoldierrequest-l7ai23lkna-zf.a.run.app","serviceAccountEmail":"682248918203-compute@developer.gserviceaccount.com","availableMemory":"256Mi","allTrafficOnLatestRevision":true,"revision":"onnewsoldierrequest-00007-kaf","maxInstanceRequestConcurrency":80,"availableCpu":"1"},"eventTrigger":{"trigger":"projects/memulaim-88a26/locations/me-west1/triggers/onnewsoldierrequest-023517","triggerRegion":"me-west1","eventType":"google.cloud.firestore.document.v1.created","eventFilters":[{"attribute":"document","value":"soldier_hosting_searches/{requestId}","operator":"match-path-pattern"},{"attribute":"database","value":"(default)"},{"attribute":"namespace","value":"(default)"}],"pubsubTopic":"projects/memulaim-88a26/topics/eventarc-me-west1-onnewsoldierrequest-023517-436","serviceAccountEmail":"682248918203-compute@developer.gserviceaccount.com","retryPolicy":"RETRY_POLICY_DO_NOT_RETRY"},"state":"ACTIVE","updateTime":"2026-06-05T12:39:49.557415969Z","labels":{"deployment-tool":"cli-firebase","firebase-functions-hash":"a4c720afd8ad71b7b869cddb54d5f9280965c77d"},"environment":"GEN_2","url":"https://me-west1-memulaim-88a26.cloudfunctions.net/onNewSoldierRequest","satisfiesPzs":true,"createTime":"2026-06-01T11:09:11.728234085Z","satisfiesPzi":true},{"name":"projects/memulaim-88a26/locations/us-central1/functions/requestRematch","buildConfig":{"build":"projects/682248918203/locations/us-central1/builds/e46421f0-a984-405a-a43d-cd1f9cac2c65","runtime":"nodejs24","entryPoint":"requestRematch","source":{"storageSource":{"bucket":"gcf-v2-sources-682248918203-us-central1","object":"requestRematch/function-source.zip","generation":"1780663382640784"}},"environmentVariables":{"GOOGLE_NODE_RUN_SCRIPTS":""},"dockerRepository":"projects/memulaim-88a26/locations/us-central1/repositories/gcf-artifacts","sourceProvenance":{"resolvedStorageSource":{"bucket":"gcf-v2-sources-682248918203-us-central1","object":"requestRematch/function-source.zip","generation":"1780663382640784"}},"dockerRegistry":"ARTIFACT_REGISTRY","serviceAccount":"projects/memulaim-88a26/serviceAccounts/682248918203-compute@developer.gserviceaccount.com","automaticUpdatePolicy":{}},"serviceConfig":{"service":"projects/memulaim-88a26/locations/us-central1/services/requestrematch","timeoutSeconds":60,"environmentVariables":{"FIREBASE_CONFIG":"{\"projectId\":\"memulaim-88a26\",\"storageBucket\":\"memulaim-88a26.firebasestorage.app\"}","GCLOUD_PROJECT":"memulaim-88a26","EVENTARC_CLOUD_EVENT_SOURCE":"projects/memulaim-88a26/locations/us-central1/services/requestRematch","FUNCTION_TARGET":"requestRematch","LOG_EXECUTION_ID":"true","FUNCTION_SIGNATURE_TYPE":"http"},"maxInstanceCount":10,"ingressSettings":"ALLOW_ALL","uri":"https://requestrematch-l7ai23lkna-uc.a.run.app","serviceAccountEmail":"682248918203-compute@developer.gserviceaccount.com","availableMemory":"256Mi","allTrafficOnLatestRevision":true,"revision":"requestrematch-00008-guf","maxInstanceRequestConcurrency":80,"availableCpu":"1"},"state":"ACTIVE","updateTime":"2026-06-05T12:44:00.740360456Z","labels":{"deployment-tool":"cli-firebase","deployment-callable":"true","firebase-functions-hash":"a4c720afd8ad71b7b869cddb54d5f9280965c77d"},"environment":"GEN_2","url":"https://us-central1-memulaim-88a26.cloudfunctions.net/requestRematch","createTime":"2026-06-01T10:31:32.817347061Z","satisfiesPzi":true},{"name":"projects/memulaim-88a26/locations/us-central1/functions/migrateValues","buildConfig":{"build":"projects/682248918203/locations/us-central1/builds/e46421f0-a984-405a-a43d-cd1f9cac2c65","runtime":"nodejs24","entryPoint":"migrateValues","source":{"storageSource":{"bucket":"gcf-v2-sources-682248918203-us-central1","object":"migrateValues/function-source.zip","generation":"1780663438913213"}},"environmentVariables":{"GOOGLE_NODE_RUN_SCRIPTS":""},"dockerRepository":"projects/memulaim-88a26/locations/us-central1/repositories/gcf-artifacts","sourceProvenance":{"resolvedStorageSource":{"bucket":"gcf-v2-sources-682248918203-us-central1","object":"migrateValues/function-source.zip","generation":"1780663438913213"}},"dockerRegistry":"ARTIFACT_REGISTRY","serviceAccount":"projects/memulaim-88a26/serviceAccounts/682248918203-compute@developer.gserviceaccount.com","automaticUpdatePolicy":{}},"serviceConfig":{"service":"projects/memulaim-88a26/locations/us-central1/services/migratevalues","timeoutSeconds":60,"environmentVariables":{"FIREBASE_CONFIG":"{\"projectId\":\"memulaim-88a26\",\"storageBucket\":\"memulaim-88a26.firebasestorage.app\"}","GCLOUD_PROJECT":"memulaim-88a26","EVENTARC_CLOUD_EVENT_SOURCE":"projects/memulaim-88a26/locations/us-central1/services/migrateValues","FUNCTION_TARGET":"migrateValues","LOG_EXECUTION_ID":"true","FUNCTION_SIGNATURE_TYPE":"http"},"maxInstanceCount":10,"ingressSettings":"ALLOW_ALL","uri":"https://migratevalues-l7ai23lkna-uc.a.run.app","serviceAccountEmail":"682248918203-compute@developer.gserviceaccount.com","availableMemory":"256Mi","allTrafficOnLatestRevision":true,"revision":"migratevalues-00004-qoj","maxInstanceRequestConcurrency":80,"availableCpu":"1"},"state":"ACTIVE","updateTime":"2026-06-05T12:44:08.586611742Z","labels":{"deployment-callable":"true","firebase-functions-hash":"a4c720afd8ad71b7b869cddb54d5f9280965c77d","deployment-tool":"cli-firebase"},"environment":"GEN_2","url":"https://us-central1-memulaim-88a26.cloudfunctions.net/migrateValues","createTime":"2026-06-04T14:09:39.716187053Z","satisfiesPzi":true},{"name":"projects/memulaim-88a26/locations/us-central1/functions/cancelHosting","buildConfig":{"build":"projects/682248918203/locations/us-central1/builds/e46421f0-a984-405a-a43d-cd1f9cac2c65","runtime":"nodejs24","entryPoint":"cancelHosting","source":{"storageSource":{"bucket":"gcf-v2-sources-682248918203-us-central1","object":"cancelHosting/function-source.zip","generation":"1780663439037678"}},"environmentVariables":{"GOOGLE_NODE_RUN_SCRIPTS":""},"dockerRepository":"projects/memulaim-88a26/locations/us-central1/repositories/gcf-artifacts","sourceProvenance":{"resolvedStorageSource":{"bucket":"gcf-v2-sources-682248918203-us-central1","object":"cancelHosting/function-source.zip","generation":"1780663439037678"}},"dockerRegistry":"ARTIFACT_REGISTRY","serviceAccount":"projects/memulaim-88a26/serviceAccounts/682248918203-compute@developer.gserviceaccount.com","automaticUpdatePolicy":{}},"serviceConfig":{"service":"projects/memulaim-88a26/locations/us-central1/services/cancelhosting","timeoutSeconds":60,"environmentVariables":{"FIREBASE_CONFIG":"{\"projectId\":\"memulaim-88a26\",\"storageBucket\":\"memulaim-88a26.firebasestorage.app\"}","GCLOUD_PROJECT":"memulaim-88a26","EVENTARC_CLOUD_EVENT_SOURCE":"projects/memulaim-88a26/locations/us-central1/services/cancelHosting","FUNCTION_TARGET":"cancelHosting","LOG_EXECUTION_ID":"true","FUNCTION_SIGNATURE_TYPE":"http"},"maxInstanceCount":10,"ingressSettings":"ALLOW_ALL","uri":"https://cancelhosting-l7ai23lkna-uc.a.run.app","serviceAccountEmail":"682248918203-compute@developer.gserviceaccount.com","availableMemory":"256Mi","allTrafficOnLatestRevision":true,"revision":"cancelhosting-00003-vin","maxInstanceRequestConcurrency":80,"availableCpu":"1"},"state":"ACTIVE","updateTime":"2026-06-05T12:44:08.080727183Z","labels":{"deployment-tool":"cli-firebase","deployment-callable":"true","firebase-functions-hash":"a4c720afd8ad71b7b869cddb54d5f9280965c77d"},"environment":"GEN_2","url":"https://us-central1-memulaim-88a26.cloudfunctions.net/cancelHosting","createTime":"2026-06-05T12:32:13.174932943Z","satisfiesPzi":true},{"name":"projects/memulaim-88a26/locations/us-central1/functions/confirmMatch","buildConfig":{"build":"projects/682248918203/locations/us-central1/builds/e46421f0-a984-405a-a43d-cd1f9cac2c65","runtime":"nodejs24","entryPoint":"confirmMatch","source":{"storageSource":{"bucket":"gcf-v2-sources-682248918203-us-central1","object":"confirmMatch/function-source.zip","generation":"1780663438911284"}},"environmentVariables":{"GOOGLE_NODE_RUN_SCRIPTS":""},"dockerRepository":"projects/memulaim-88a26/locations/us-central1/repositories/gcf-artifacts","sourceProvenance":{"resolvedStorageSource":{"bucket":"gcf-v2-sources-682248918203-us-central1","object":"confirmMatch/function-source.zip","generation":"1780663438911284"}},"dockerRegistry":"ARTIFACT_REGISTRY","serviceAccount":"projects/memulaim-88a26/serviceAccounts/682248918203-compute@developer.gserviceaccount.com","automaticUpdatePolicy":{}},"serviceConfig":{"service":"projects/memulaim-88a26/locations/us-central1/services/confirmmatch","timeoutSeconds":60,"environmentVariables":{"FIREBASE_CONFIG":"{\"projectId\":\"memulaim-88a26\",\"storageBucket\":\"memulaim-88a26.firebasestorage.app\"}","GCLOUD_PROJECT":"memulaim-88a26","EVENTARC_CLOUD_EVENT_SOURCE":"projects/memulaim-88a26/locations/us-central1/services/confirmMatch","FUNCTION_TARGET":"confirmMatch","LOG_EXECUTION_ID":"true","FUNCTION_SIGNATURE_TYPE":"http"},"maxInstanceCount":10,"ingressSettings":"ALLOW_ALL","uri":"https://confirmmatch-l7ai23lkna-uc.a.run.app","serviceAccountEmail":"682248918203-compute@developer.gserviceaccount.com","availableMemory":"256Mi","allTrafficOnLatestRevision":true,"revision":"confirmmatch-00003-yuq","maxInstanceRequestConcurrency":80,"availableCpu":"1"},"state":"ACTIVE","updateTime":"2026-06-05T12:44:06.852515288Z","labels":{"deployment-tool":"cli-firebase","deployment-callable":"true","firebase-functions-hash":"a4c720afd8ad71b7b869cddb54d5f9280965c77d"},"environment":"GEN_2","url":"https://us-central1-memulaim-88a26.cloudfunctions.net/confirmMatch","createTime":"2026-06-05T12:31:17.292675861Z","satisfiesPzi":true},{"name":"projects/memulaim-88a26/locations/us-central1/functions/checkPendingRequests","buildConfig":{"build":"projects/682248918203/locations/us-central1/builds/7e5af0a0-0ea9-4410-9aee-436d153899de","runtime":"nodejs24","entryPoint":"checkPendingRequests","source":{"storageSource":{"bucket":"gcf-v2-sources-682248918203-us-central1","object":"checkPendingRequests/function-source.zip","generation":"1780663145353468"}},"environmentVariables":{"GOOGLE_NODE_RUN_SCRIPTS":""},"dockerRepository":"projects/memulaim-88a26/locations/us-central1/repositories/gcf-artifacts","sourceProvenance":{"resolvedStorageSource":{"bucket":"gcf-v2-sources-682248918203-us-central1","object":"checkPendingRequests/function-source.zip","generation":"1780663145353468"}},"dockerRegistry":"ARTIFACT_REGISTRY","serviceAccount":"projects/memulaim-88a26/serviceAccounts/682248918203-compute@developer.gserviceaccount.com","automaticUpdatePolicy":{}},"serviceConfig":{"service":"projects/memulaim-88a26/locations/us-central1/services/checkpendingrequests","timeoutSeconds":60,"environmentVariables":{"FIREBASE_CONFIG":"{\"projectId\":\"memulaim-88a26\",\"storageBucket\":\"memulaim-88a26.firebasestorage.app\"}","GCLOUD_PROJECT":"memulaim-88a26","EVENTARC_CLOUD_EVENT_SOURCE":"projects/memulaim-88a26/locations/us-central1/services/checkPendingRequests","FUNCTION_TARGET":"checkPendingRequests","LOG_EXECUTION_ID":"true","FUNCTION_SIGNATURE_TYPE":"http"},"maxInstanceCount":10,"ingressSettings":"ALLOW_ALL","uri":"https://checkpendingrequests-l7ai23lkna-uc.a.run.app","serviceAccountEmail":"682248918203-compute@developer.gserviceaccount.com","availableMemory":"256Mi","allTrafficOnLatestRevision":true,"revision":"checkpendingrequests-00008-zat","maxInstanceRequestConcurrency":80,"availableCpu":"1"},"state":"ACTIVE","updateTime":"2026-06-05T12:39:57.611739969Z","labels":{"firebase-functions-hash":"a4c720afd8ad71b7b869cddb54d5f9280965c77d","deployment-tool":"cli-firebase","deployment-scheduled":"true"},"environment":"GEN_2","url":"https://us-central1-memulaim-88a26.cloudfunctions.net/checkPendingRequests","createTime":"2026-06-01T10:30:36.451647212Z","satisfiesPzi":true}]}
[info] i  extensions: ensuring required API firebaseextensions.googleapis.com is enabled... 
[debug] [2026-06-05T13:03:52.551Z] > command requires scopes: ["email","openid","https://www.googleapis.com/auth/cloudplatformprojects.readonly","https://www.googleapis.com/auth/firebase","https://www.googleapis.com/auth/cloud-platform"]
[debug] [2026-06-05T13:03:52.552Z] > authorizing via signed-in user (memulaiim@gmail.com)
[debug] [2026-06-05T13:03:52.552Z] [iam] checking project memulaim-88a26 for permissions ["firebase.projects.get","firebaseextensions.instances.list"]
[debug] [2026-06-05T13:03:52.552Z] Checked if tokens are valid: true, expires at: 1780666248890
[debug] [2026-06-05T13:03:52.552Z] Checked if tokens are valid: true, expires at: 1780666248890
[debug] [2026-06-05T13:03:52.552Z] >>> [apiv2][query] POST https://cloudresourcemanager.googleapis.com/v1/projects/memulaim-88a26:testIamPermissions [none]
[debug] [2026-06-05T13:03:52.552Z] >>> [apiv2][(partial)header] POST https://cloudresourcemanager.googleapis.com/v1/projects/memulaim-88a26:testIamPermissions  x-goog-user-project=memulaim-88a26
[debug] [2026-06-05T13:03:52.552Z] >>> [apiv2][body] POST https://cloudresourcemanager.googleapis.com/v1/projects/memulaim-88a26:testIamPermissions {"permissions":["firebase.projects.get","firebaseextensions.instances.list"]}
[debug] [2026-06-05T13:03:53.506Z] <<< [apiv2][status] POST https://cloudresourcemanager.googleapis.com/v1/projects/memulaim-88a26:testIamPermissions 200
[debug] [2026-06-05T13:03:53.506Z] <<< [apiv2][body] POST https://cloudresourcemanager.googleapis.com/v1/projects/memulaim-88a26:testIamPermissions {"permissions":["firebase.projects.get","firebaseextensions.instances.list"]}
[debug] [2026-06-05T13:03:53.507Z] Checked if tokens are valid: true, expires at: 1780666248890
[debug] [2026-06-05T13:03:53.507Z] Checked if tokens are valid: true, expires at: 1780666248890
[debug] [2026-06-05T13:03:53.507Z] >>> [apiv2][query] GET https://firebaseextensions.googleapis.com/v1beta/projects/memulaim-88a26/instances pageSize=100&pageToken=
[debug] [2026-06-05T13:03:54.655Z] <<< [apiv2][status] GET https://firebaseextensions.googleapis.com/v1beta/projects/memulaim-88a26/instances 200
[debug] [2026-06-05T13:03:54.656Z] <<< [apiv2][body] GET https://firebaseextensions.googleapis.com/v1beta/projects/memulaim-88a26/instances {}
[info] i  functions: preparing functions directory for uploading... 
[info] i  functions: packaged C:\Users\mayar\OneDrive\Desktop\First Year\2th year\Semester B\web interface\web-interface-project-group-8\functions (5.08 MB) for uploading 
[debug] [2026-06-05T13:03:57.635Z] Checked if tokens are valid: true, expires at: 1780666248890
[debug] [2026-06-05T13:03:57.635Z] Checked if tokens are valid: true, expires at: 1780666248890
[debug] [2026-06-05T13:03:57.636Z] >>> [apiv2][query] GET https://firestore.googleapis.com/v1/projects/memulaim-88a26/databases/(default) [none]
[debug] [2026-06-05T13:03:57.850Z] <<< [apiv2][status] GET https://firestore.googleapis.com/v1/projects/memulaim-88a26/databases/(default) 200
[debug] [2026-06-05T13:03:57.850Z] <<< [apiv2][body] GET https://firestore.googleapis.com/v1/projects/memulaim-88a26/databases/(default) {"name":"projects/memulaim-88a26/databases/(default)","uid":"659af2e3-e168-4026-a0a3-c23d0ae9682d","createTime":"2026-05-31T18:20:59.539083Z","updateTime":"2026-05-31T18:20:59.539083Z","locationId":"me-west1","type":"FIRESTORE_NATIVE","concurrencyMode":"PESSIMISTIC","versionRetentionPeriod":"3600s","earliestVersionTime":"2026-06-05T12:03:58.159127Z","appEngineIntegrationMode":"DISABLED","pointInTimeRecoveryEnablement":"POINT_IN_TIME_RECOVERY_DISABLED","deleteProtectionState":"DELETE_PROTECTION_DISABLED","databaseEdition":"STANDARD","freeTier":true,"realtimeUpdatesMode":"REALTIME_UPDATES_MODE_ENABLED","etag":"IOLs4tmU8JQDMKO63/6x5JQD"}
[info] i  functions: ensuring required API cloudscheduler.googleapis.com is enabled... 
[info] i  functions: ensuring required API run.googleapis.com is enabled... 
[info] i  functions: ensuring required API eventarc.googleapis.com is enabled... 
[info] i  functions: ensuring required API pubsub.googleapis.com is enabled... 
[info] i  functions: ensuring required API storage.googleapis.com is enabled... 
[info] i  functions: generating the service identity for pubsub.googleapis.com... 
[debug] [2026-06-05T13:03:57.858Z] Checked if tokens are valid: true, expires at: 1780666248890
[debug] [2026-06-05T13:03:57.858Z] Checked if tokens are valid: true, expires at: 1780666248890
[info] i  functions: generating the service identity for eventarc.googleapis.com... 
[debug] [2026-06-05T13:03:57.858Z] Checked if tokens are valid: true, expires at: 1780666248890
[debug] [2026-06-05T13:03:57.858Z] Checked if tokens are valid: true, expires at: 1780666248890
[debug] [2026-06-05T13:03:57.859Z] >>> [apiv2][query] POST https://serviceusage.googleapis.com/v1beta1/projects/682248918203/services/pubsub.googleapis.com:generateServiceIdentity [none]
[debug] [2026-06-05T13:03:57.859Z] >>> [apiv2][(partial)header] POST https://serviceusage.googleapis.com/v1beta1/projects/682248918203/services/pubsub.googleapis.com:generateServiceIdentity  x-goog-user-project=682248918203
[debug] [2026-06-05T13:03:57.859Z] >>> [apiv2][body] POST https://serviceusage.googleapis.com/v1beta1/projects/682248918203/services/pubsub.googleapis.com:generateServiceIdentity {}
[debug] [2026-06-05T13:03:57.862Z] >>> [apiv2][query] POST https://serviceusage.googleapis.com/v1beta1/projects/682248918203/services/eventarc.googleapis.com:generateServiceIdentity [none]
[debug] [2026-06-05T13:03:57.862Z] >>> [apiv2][(partial)header] POST https://serviceusage.googleapis.com/v1beta1/projects/682248918203/services/eventarc.googleapis.com:generateServiceIdentity  x-goog-user-project=682248918203
[debug] [2026-06-05T13:03:57.863Z] >>> [apiv2][body] POST https://serviceusage.googleapis.com/v1beta1/projects/682248918203/services/eventarc.googleapis.com:generateServiceIdentity {}
[debug] [2026-06-05T13:03:59.077Z] <<< [apiv2][status] POST https://serviceusage.googleapis.com/v1beta1/projects/682248918203/services/pubsub.googleapis.com:generateServiceIdentity 200
[debug] [2026-06-05T13:03:59.077Z] <<< [apiv2][body] POST https://serviceusage.googleapis.com/v1beta1/projects/682248918203/services/pubsub.googleapis.com:generateServiceIdentity {"name":"operations/finished.DONE_OPERATION","done":true,"response":{"@type":"type.googleapis.com/google.api.serviceusage.v1beta1.ServiceIdentity","email":"service-682248918203@gcp-sa-pubsub.iam.gserviceaccount.com","uniqueId":"112449228412075615127"}}
[debug] [2026-06-05T13:03:59.127Z] <<< [apiv2][status] POST https://serviceusage.googleapis.com/v1beta1/projects/682248918203/services/eventarc.googleapis.com:generateServiceIdentity 200
[debug] [2026-06-05T13:03:59.127Z] <<< [apiv2][body] POST https://serviceusage.googleapis.com/v1beta1/projects/682248918203/services/eventarc.googleapis.com:generateServiceIdentity {"name":"operations/finished.DONE_OPERATION","done":true,"response":{"@type":"type.googleapis.com/google.api.serviceusage.v1beta1.ServiceIdentity","email":"service-682248918203@gcp-sa-eventarc.iam.gserviceaccount.com","uniqueId":"100645004505376077488"}}
[debug] [2026-06-05T13:03:59.132Z] Checked if tokens are valid: true, expires at: 1780666248890
[debug] [2026-06-05T13:03:59.132Z] Checked if tokens are valid: true, expires at: 1780666248890
[debug] [2026-06-05T13:03:59.132Z] >>> [apiv2][query] GET https://cloudresourcemanager.googleapis.com/v1/projects/memulaim-88a26 [none]
[debug] [2026-06-05T13:04:00.115Z] <<< [apiv2][status] GET https://cloudresourcemanager.googleapis.com/v1/projects/memulaim-88a26 200
[debug] [2026-06-05T13:04:00.115Z] <<< [apiv2][body] GET https://cloudresourcemanager.googleapis.com/v1/projects/memulaim-88a26 {"projectNumber":"682248918203","projectId":"memulaim-88a26","lifecycleState":"ACTIVE","name":"MEMULAIM","labels":{"firebase":"enabled","firebase-core":"disabled"},"createTime":"2026-05-31T18:18:10.906Z"}
[debug] [2026-06-05T13:04:00.116Z] Checked if tokens are valid: true, expires at: 1780666248890
[debug] [2026-06-05T13:04:00.116Z] Checked if tokens are valid: true, expires at: 1780666248890
[debug] [2026-06-05T13:04:00.116Z] >>> [apiv2][query] GET https://compute.googleapis.com/compute/v1/projects/682248918203 [none]
[debug] [2026-06-05T13:04:00.418Z] <<< [apiv2][status] GET https://compute.googleapis.com/compute/v1/projects/682248918203 403
[debug] [2026-06-05T13:04:00.419Z] <<< [apiv2][body] GET https://compute.googleapis.com/compute/v1/projects/682248918203 {"error":{"code":403,"message":"Compute Engine API has not been used in project 682248918203 before or it is disabled. Enable it by visiting https://console.developers.google.com/apis/api/compute.googleapis.com/overview?project=682248918203 then retry. If you enabled this API recently, wait a few minutes for the action to propagate to our systems and retry.","errors":[{"message":"Compute Engine API has not been used in project 682248918203 before or it is disabled. Enable it by visiting https://console.developers.google.com/apis/api/compute.googleapis.com/overview?project=682248918203 then retry. If you enabled this API recently, wait a few minutes for the action to propagate to our systems and retry.","domain":"usageLimits","reason":"accessNotConfigured","extendedHelp":"https://console.developers.google.com"}],"status":"PERMISSION_DENIED","details":[{"@type":"type.googleapis.com/google.rpc.ErrorInfo","reason":"SERVICE_DISABLED","domain":"googleapis.com","metadata":{"service":"compute.googleapis.com","activationUrl":"https://console.developers.google.com/apis/api/compute.googleapis.com/overview?project=682248918203","serviceTitle":"Compute Engine API","containerInfo":"682248918203","consumer":"projects/682248918203"}},{"@type":"type.googleapis.com/google.rpc.LocalizedMessage","locale":"en-US","message":"Compute Engine API has not been used in project 682248918203 before or it is disabled. Enable it by visiting https://console.developers.google.com/apis/api/compute.googleapis.com/overview?project=682248918203 then retry. If you enabled this API recently, wait a few minutes for the action to propagate to our systems and retry."},{"@type":"type.googleapis.com/google.rpc.Help","links":[{"description":"Google developers console API activation","url":"https://console.developers.google.com/apis/api/compute.googleapis.com/overview?project=682248918203"}]}]}}
[debug] [2026-06-05T13:04:00.419Z] unable to look up default compute service account. Falling back to 682248918203-compute@developer.gserviceaccount.com. Error: {"name":"FirebaseError","children":[],"context":{"body":{"error":{"code":403,"message":"Compute Engine API has not been used in project 682248918203 before or it is disabled. Enable it by visiting https://console.developers.google.com/apis/api/compute.googleapis.com/overview?project=682248918203 then retry. If you enabled this API recently, wait a few minutes for the action to propagate to our systems and retry.","errors":[{"message":"Compute Engine API has not been used in project 682248918203 before or it is disabled. Enable it by visiting https://console.developers.google.com/apis/api/compute.googleapis.com/overview?project=682248918203 then retry. If you enabled this API recently, wait a few minutes for the action to propagate to our systems and retry.","domain":"usageLimits","reason":"accessNotConfigured","extendedHelp":"https://console.developers.google.com"}],"status":"PERMISSION_DENIED","details":[{"@type":"type.googleapis.com/google.rpc.ErrorInfo","reason":"SERVICE_DISABLED","domain":"googleapis.com","metadata":{"service":"compute.googleapis.com","activationUrl":"https://console.developers.google.com/apis/api/compute.googleapis.com/overview?project=682248918203","serviceTitle":"Compute Engine API","containerInfo":"682248918203","consumer":"projects/682248918203"}},{"@type":"type.googleapis.com/google.rpc.LocalizedMessage","locale":"en-US","message":"Compute Engine API has not been used in project 682248918203 before or it is disabled. Enable it by visiting https://console.developers.google.com/apis/api/compute.googleapis.com/overview?project=682248918203 then retry. If you enabled this API recently, wait a few minutes for the action to propagate to our systems and retry."},{"@type":"type.googleapis.com/google.rpc.Help","links":[{"description":"Google developers console API activation","url":"https://console.developers.google.com/apis/api/compute.googleapis.com/overview?project=682248918203"}]}]}},"response":{"statusCode":403}},"exit":1,"message":"Request to https://compute.googleapis.com/compute/v1/projects/682248918203 had HTTP Error: 403, Compute Engine API has not been used in project 682248918203 before or it is disabled. Enable it by visiting https://console.developers.google.com/apis/api/compute.googleapis.com/overview?project=682248918203 then retry. If you enabled this API recently, wait a few minutes for the action to propagate to our systems and retry.","status":403}
[debug] [2026-06-05T13:04:00.419Z] Checked if tokens are valid: true, expires at: 1780666248890
[debug] [2026-06-05T13:04:00.419Z] Checked if tokens are valid: true, expires at: 1780666248890
[debug] [2026-06-05T13:04:00.419Z] >>> [apiv2][query] GET https://compute.googleapis.com/compute/v1/projects/682248918203 [none]
[debug] [2026-06-05T13:04:00.657Z] <<< [apiv2][status] GET https://compute.googleapis.com/compute/v1/projects/682248918203 403
[debug] [2026-06-05T13:04:00.658Z] <<< [apiv2][body] GET https://compute.googleapis.com/compute/v1/projects/682248918203 {"error":{"code":403,"message":"Compute Engine API has not been used in project 682248918203 before or it is disabled. Enable it by visiting https://console.developers.google.com/apis/api/compute.googleapis.com/overview?project=682248918203 then retry. If you enabled this API recently, wait a few minutes for the action to propagate to our systems and retry.","errors":[{"message":"Compute Engine API has not been used in project 682248918203 before or it is disabled. Enable it by visiting https://console.developers.google.com/apis/api/compute.googleapis.com/overview?project=682248918203 then retry. If you enabled this API recently, wait a few minutes for the action to propagate to our systems and retry.","domain":"usageLimits","reason":"accessNotConfigured","extendedHelp":"https://console.developers.google.com"}],"status":"PERMISSION_DENIED","details":[{"@type":"type.googleapis.com/google.rpc.ErrorInfo","reason":"SERVICE_DISABLED","domain":"googleapis.com","metadata":{"service":"compute.googleapis.com","activationUrl":"https://console.developers.google.com/apis/api/compute.googleapis.com/overview?project=682248918203","serviceTitle":"Compute Engine API","containerInfo":"682248918203","consumer":"projects/682248918203"}},{"@type":"type.googleapis.com/google.rpc.LocalizedMessage","locale":"en-US","message":"Compute Engine API has not been used in project 682248918203 before or it is disabled. Enable it by visiting https://console.developers.google.com/apis/api/compute.googleapis.com/overview?project=682248918203 then retry. If you enabled this API recently, wait a few minutes for the action to propagate to our systems and retry."},{"@type":"type.googleapis.com/google.rpc.Help","links":[{"description":"Google developers console API activation","url":"https://console.developers.google.com/apis/api/compute.googleapis.com/overview?project=682248918203"}]}]}}
[debug] [2026-06-05T13:04:00.658Z] unable to look up default compute service account. Falling back to 682248918203-compute@developer.gserviceaccount.com. Error: {"name":"FirebaseError","children":[],"context":{"body":{"error":{"code":403,"message":"Compute Engine API has not been used in project 682248918203 before or it is disabled. Enable it by visiting https://console.developers.google.com/apis/api/compute.googleapis.com/overview?project=682248918203 then retry. If you enabled this API recently, wait a few minutes for the action to propagate to our systems and retry.","errors":[{"message":"Compute Engine API has not been used in project 682248918203 before or it is disabled. Enable it by visiting https://console.developers.google.com/apis/api/compute.googleapis.com/overview?project=682248918203 then retry. If you enabled this API recently, wait a few minutes for the action to propagate to our systems and retry.","domain":"usageLimits","reason":"accessNotConfigured","extendedHelp":"https://console.developers.google.com"}],"status":"PERMISSION_DENIED","details":[{"@type":"type.googleapis.com/google.rpc.ErrorInfo","reason":"SERVICE_DISABLED","domain":"googleapis.com","metadata":{"service":"compute.googleapis.com","activationUrl":"https://console.developers.google.com/apis/api/compute.googleapis.com/overview?project=682248918203","serviceTitle":"Compute Engine API","containerInfo":"682248918203","consumer":"projects/682248918203"}},{"@type":"type.googleapis.com/google.rpc.LocalizedMessage","locale":"en-US","message":"Compute Engine API has not been used in project 682248918203 before or it is disabled. Enable it by visiting https://console.developers.google.com/apis/api/compute.googleapis.com/overview?project=682248918203 then retry. If you enabled this API recently, wait a few minutes for the action to propagate to our systems and retry."},{"@type":"type.googleapis.com/google.rpc.Help","links":[{"description":"Google developers console API activation","url":"https://console.developers.google.com/apis/api/compute.googleapis.com/overview?project=682248918203"}]}]}},"response":{"statusCode":403}},"exit":1,"message":"Request to https://compute.googleapis.com/compute/v1/projects/682248918203 had HTTP Error: 403, Compute Engine API has not been used in project 682248918203 before or it is disabled. Enable it by visiting https://console.developers.google.com/apis/api/compute.googleapis.com/overview?project=682248918203 then retry. If you enabled this API recently, wait a few minutes for the action to propagate to our systems and retry.","status":403}
[debug] [2026-06-05T13:04:00.658Z] Checked if tokens are valid: true, expires at: 1780666248890
[debug] [2026-06-05T13:04:00.658Z] Checked if tokens are valid: true, expires at: 1780666248890
[debug] [2026-06-05T13:04:00.658Z] >>> [apiv2][query] GET https://compute.googleapis.com/compute/v1/projects/682248918203 [none]
[debug] [2026-06-05T13:04:00.957Z] <<< [apiv2][status] GET https://compute.googleapis.com/compute/v1/projects/682248918203 403
[debug] [2026-06-05T13:04:00.957Z] <<< [apiv2][body] GET https://compute.googleapis.com/compute/v1/projects/682248918203 {"error":{"code":403,"message":"Compute Engine API has not been used in project 682248918203 before or it is disabled. Enable it by visiting https://console.developers.google.com/apis/api/compute.googleapis.com/overview?project=682248918203 then retry. If you enabled this API recently, wait a few minutes for the action to propagate to our systems and retry.","errors":[{"message":"Compute Engine API has not been used in project 682248918203 before or it is disabled. Enable it by visiting https://console.developers.google.com/apis/api/compute.googleapis.com/overview?project=682248918203 then retry. If you enabled this API recently, wait a few minutes for the action to propagate to our systems and retry.","domain":"usageLimits","reason":"accessNotConfigured","extendedHelp":"https://console.developers.google.com"}],"status":"PERMISSION_DENIED","details":[{"@type":"type.googleapis.com/google.rpc.ErrorInfo","reason":"SERVICE_DISABLED","domain":"googleapis.com","metadata":{"activationUrl":"https://console.developers.google.com/apis/api/compute.googleapis.com/overview?project=682248918203","serviceTitle":"Compute Engine API","containerInfo":"682248918203","service":"compute.googleapis.com","consumer":"projects/682248918203"}},{"@type":"type.googleapis.com/google.rpc.LocalizedMessage","locale":"en-US","message":"Compute Engine API has not been used in project 682248918203 before or it is disabled. Enable it by visiting https://console.developers.google.com/apis/api/compute.googleapis.com/overview?project=682248918203 then retry. If you enabled this API recently, wait a few minutes for the action to propagate to our systems and retry."},{"@type":"type.googleapis.com/google.rpc.Help","links":[{"description":"Google developers console API activation","url":"https://console.developers.google.com/apis/api/compute.googleapis.com/overview?project=682248918203"}]}]}}
[debug] [2026-06-05T13:04:00.957Z] unable to look up default compute service account. Falling back to 682248918203-compute@developer.gserviceaccount.com. Error: {"name":"FirebaseError","children":[],"context":{"body":{"error":{"code":403,"message":"Compute Engine API has not been used in project 682248918203 before or it is disabled. Enable it by visiting https://console.developers.google.com/apis/api/compute.googleapis.com/overview?project=682248918203 then retry. If you enabled this API recently, wait a few minutes for the action to propagate to our systems and retry.","errors":[{"message":"Compute Engine API has not been used in project 682248918203 before or it is disabled. Enable it by visiting https://console.developers.google.com/apis/api/compute.googleapis.com/overview?project=682248918203 then retry. If you enabled this API recently, wait a few minutes for the action to propagate to our systems and retry.","domain":"usageLimits","reason":"accessNotConfigured","extendedHelp":"https://console.developers.google.com"}],"status":"PERMISSION_DENIED","details":[{"@type":"type.googleapis.com/google.rpc.ErrorInfo","reason":"SERVICE_DISABLED","domain":"googleapis.com","metadata":{"activationUrl":"https://console.developers.google.com/apis/api/compute.googleapis.com/overview?project=682248918203","serviceTitle":"Compute Engine API","containerInfo":"682248918203","service":"compute.googleapis.com","consumer":"projects/682248918203"}},{"@type":"type.googleapis.com/google.rpc.LocalizedMessage","locale":"en-US","message":"Compute Engine API has not been used in project 682248918203 before or it is disabled. Enable it by visiting https://console.developers.google.com/apis/api/compute.googleapis.com/overview?project=682248918203 then retry. If you enabled this API recently, wait a few minutes for the action to propagate to our systems and retry."},{"@type":"type.googleapis.com/google.rpc.Help","links":[{"description":"Google developers console API activation","url":"https://console.developers.google.com/apis/api/compute.googleapis.com/overview?project=682248918203"}]}]}},"response":{"statusCode":403}},"exit":1,"message":"Request to https://compute.googleapis.com/compute/v1/projects/682248918203 had HTTP Error: 403, Compute Engine API has not been used in project 682248918203 before or it is disabled. Enable it by visiting https://console.developers.google.com/apis/api/compute.googleapis.com/overview?project=682248918203 then retry. If you enabled this API recently, wait a few minutes for the action to propagate to our systems and retry.","status":403}
[debug] [2026-06-05T13:04:00.957Z] Checked if tokens are valid: true, expires at: 1780666248890
[debug] [2026-06-05T13:04:00.957Z] Checked if tokens are valid: true, expires at: 1780666248890
[debug] [2026-06-05T13:04:00.958Z] >>> [apiv2][query] GET https://compute.googleapis.com/compute/v1/projects/682248918203 [none]
[debug] [2026-06-05T13:04:01.236Z] <<< [apiv2][status] GET https://compute.googleapis.com/compute/v1/projects/682248918203 403
[debug] [2026-06-05T13:04:01.236Z] <<< [apiv2][body] GET https://compute.googleapis.com/compute/v1/projects/682248918203 {"error":{"code":403,"message":"Compute Engine API has not been used in project 682248918203 before or it is disabled. Enable it by visiting https://console.developers.google.com/apis/api/compute.googleapis.com/overview?project=682248918203 then retry. If you enabled this API recently, wait a few minutes for the action to propagate to our systems and retry.","errors":[{"message":"Compute Engine API has not been used in project 682248918203 before or it is disabled. Enable it by visiting https://console.developers.google.com/apis/api/compute.googleapis.com/overview?project=682248918203 then retry. If you enabled this API recently, wait a few minutes for the action to propagate to our systems and retry.","domain":"usageLimits","reason":"accessNotConfigured","extendedHelp":"https://console.developers.google.com"}],"status":"PERMISSION_DENIED","details":[{"@type":"type.googleapis.com/google.rpc.ErrorInfo","reason":"SERVICE_DISABLED","domain":"googleapis.com","metadata":{"activationUrl":"https://console.developers.google.com/apis/api/compute.googleapis.com/overview?project=682248918203","service":"compute.googleapis.com","serviceTitle":"Compute Engine API","containerInfo":"682248918203","consumer":"projects/682248918203"}},{"@type":"type.googleapis.com/google.rpc.LocalizedMessage","locale":"en-US","message":"Compute Engine API has not been used in project 682248918203 before or it is disabled. Enable it by visiting https://console.developers.google.com/apis/api/compute.googleapis.com/overview?project=682248918203 then retry. If you enabled this API recently, wait a few minutes for the action to propagate to our systems and retry."},{"@type":"type.googleapis.com/google.rpc.Help","links":[{"description":"Google developers console API activation","url":"https://console.developers.google.com/apis/api/compute.googleapis.com/overview?project=682248918203"}]}]}}
[debug] [2026-06-05T13:04:01.237Z] unable to look up default compute service account. Falling back to 682248918203-compute@developer.gserviceaccount.com. Error: {"name":"FirebaseError","children":[],"context":{"body":{"error":{"code":403,"message":"Compute Engine API has not been used in project 682248918203 before or it is disabled. Enable it by visiting https://console.developers.google.com/apis/api/compute.googleapis.com/overview?project=682248918203 then retry. If you enabled this API recently, wait a few minutes for the action to propagate to our systems and retry.","errors":[{"message":"Compute Engine API has not been used in project 682248918203 before or it is disabled. Enable it by visiting https://console.developers.google.com/apis/api/compute.googleapis.com/overview?project=682248918203 then retry. If you enabled this API recently, wait a few minutes for the action to propagate to our systems and retry.","domain":"usageLimits","reason":"accessNotConfigured","extendedHelp":"https://console.developers.google.com"}],"status":"PERMISSION_DENIED","details":[{"@type":"type.googleapis.com/google.rpc.ErrorInfo","reason":"SERVICE_DISABLED","domain":"googleapis.com","metadata":{"activationUrl":"https://console.developers.google.com/apis/api/compute.googleapis.com/overview?project=682248918203","service":"compute.googleapis.com","serviceTitle":"Compute Engine API","containerInfo":"682248918203","consumer":"projects/682248918203"}},{"@type":"type.googleapis.com/google.rpc.LocalizedMessage","locale":"en-US","message":"Compute Engine API has not been used in project 682248918203 before or it is disabled. Enable it by visiting https://console.developers.google.com/apis/api/compute.googleapis.com/overview?project=682248918203 then retry. If you enabled this API recently, wait a few minutes for the action to propagate to our systems and retry."},{"@type":"type.googleapis.com/google.rpc.Help","links":[{"description":"Google developers console API activation","url":"https://console.developers.google.com/apis/api/compute.googleapis.com/overview?project=682248918203"}]}]}},"response":{"statusCode":403}},"exit":1,"message":"Request to https://compute.googleapis.com/compute/v1/projects/682248918203 had HTTP Error: 403, Compute Engine API has not been used in project 682248918203 before or it is disabled. Enable it by visiting https://console.developers.google.com/apis/api/compute.googleapis.com/overview?project=682248918203 then retry. If you enabled this API recently, wait a few minutes for the action to propagate to our systems and retry.","status":403}
[debug] [2026-06-05T13:04:01.237Z] Checked if tokens are valid: true, expires at: 1780666248890
[debug] [2026-06-05T13:04:01.237Z] Checked if tokens are valid: true, expires at: 1780666248890
[debug] [2026-06-05T13:04:01.237Z] >>> [apiv2][query] GET https://compute.googleapis.com/compute/v1/projects/682248918203 [none]
[debug] [2026-06-05T13:04:01.441Z] <<< [apiv2][status] GET https://compute.googleapis.com/compute/v1/projects/682248918203 403
[debug] [2026-06-05T13:04:01.441Z] <<< [apiv2][body] GET https://compute.googleapis.com/compute/v1/projects/682248918203 {"error":{"code":403,"message":"Compute Engine API has not been used in project 682248918203 before or it is disabled. Enable it by visiting https://console.developers.google.com/apis/api/compute.googleapis.com/overview?project=682248918203 then retry. If you enabled this API recently, wait a few minutes for the action to propagate to our systems and retry.","errors":[{"message":"Compute Engine API has not been used in project 682248918203 before or it is disabled. Enable it by visiting https://console.developers.google.com/apis/api/compute.googleapis.com/overview?project=682248918203 then retry. If you enabled this API recently, wait a few minutes for the action to propagate to our systems and retry.","domain":"usageLimits","reason":"accessNotConfigured","extendedHelp":"https://console.developers.google.com"}],"status":"PERMISSION_DENIED","details":[{"@type":"type.googleapis.com/google.rpc.ErrorInfo","reason":"SERVICE_DISABLED","domain":"googleapis.com","metadata":{"activationUrl":"https://console.developers.google.com/apis/api/compute.googleapis.com/overview?project=682248918203","consumer":"projects/682248918203","service":"compute.googleapis.com","serviceTitle":"Compute Engine API","containerInfo":"682248918203"}},{"@type":"type.googleapis.com/google.rpc.LocalizedMessage","locale":"en-US","message":"Compute Engine API has not been used in project 682248918203 before or it is disabled. Enable it by visiting https://console.developers.google.com/apis/api/compute.googleapis.com/overview?project=682248918203 then retry. If you enabled this API recently, wait a few minutes for the action to propagate to our systems and retry."},{"@type":"type.googleapis.com/google.rpc.Help","links":[{"description":"Google developers console API activation","url":"https://console.developers.google.com/apis/api/compute.googleapis.com/overview?project=682248918203"}]}]}}
[debug] [2026-06-05T13:04:01.442Z] unable to look up default compute service account. Falling back to 682248918203-compute@developer.gserviceaccount.com. Error: {"name":"FirebaseError","children":[],"context":{"body":{"error":{"code":403,"message":"Compute Engine API has not been used in project 682248918203 before or it is disabled. Enable it by visiting https://console.developers.google.com/apis/api/compute.googleapis.com/overview?project=682248918203 then retry. If you enabled this API recently, wait a few minutes for the action to propagate to our systems and retry.","errors":[{"message":"Compute Engine API has not been used in project 682248918203 before or it is disabled. Enable it by visiting https://console.developers.google.com/apis/api/compute.googleapis.com/overview?project=682248918203 then retry. If you enabled this API recently, wait a few minutes for the action to propagate to our systems and retry.","domain":"usageLimits","reason":"accessNotConfigured","extendedHelp":"https://console.developers.google.com"}],"status":"PERMISSION_DENIED","details":[{"@type":"type.googleapis.com/google.rpc.ErrorInfo","reason":"SERVICE_DISABLED","domain":"googleapis.com","metadata":{"activationUrl":"https://console.developers.google.com/apis/api/compute.googleapis.com/overview?project=682248918203","consumer":"projects/682248918203","service":"compute.googleapis.com","serviceTitle":"Compute Engine API","containerInfo":"682248918203"}},{"@type":"type.googleapis.com/google.rpc.LocalizedMessage","locale":"en-US","message":"Compute Engine API has not been used in project 682248918203 before or it is disabled. Enable it by visiting https://console.developers.google.com/apis/api/compute.googleapis.com/overview?project=682248918203 then retry. If you enabled this API recently, wait a few minutes for the action to propagate to our systems and retry."},{"@type":"type.googleapis.com/google.rpc.Help","links":[{"description":"Google developers console API activation","url":"https://console.developers.google.com/apis/api/compute.googleapis.com/overview?project=682248918203"}]}]}},"response":{"statusCode":403}},"exit":1,"message":"Request to https://compute.googleapis.com/compute/v1/projects/682248918203 had HTTP Error: 403, Compute Engine API has not been used in project 682248918203 before or it is disabled. Enable it by visiting https://console.developers.google.com/apis/api/compute.googleapis.com/overview?project=682248918203 then retry. If you enabled this API recently, wait a few minutes for the action to propagate to our systems and retry.","status":403}
[debug] [2026-06-05T13:04:01.442Z] Checked if tokens are valid: true, expires at: 1780666248890
[debug] [2026-06-05T13:04:01.442Z] Checked if tokens are valid: true, expires at: 1780666248890
[debug] [2026-06-05T13:04:01.442Z] >>> [apiv2][query] GET https://compute.googleapis.com/compute/v1/projects/682248918203 [none]
[debug] [2026-06-05T13:04:01.661Z] <<< [apiv2][status] GET https://compute.googleapis.com/compute/v1/projects/682248918203 403
[debug] [2026-06-05T13:04:01.661Z] <<< [apiv2][body] GET https://compute.googleapis.com/compute/v1/projects/682248918203 {"error":{"code":403,"message":"Compute Engine API has not been used in project 682248918203 before or it is disabled. Enable it by visiting https://console.developers.google.com/apis/api/compute.googleapis.com/overview?project=682248918203 then retry. If you enabled this API recently, wait a few minutes for the action to propagate to our systems and retry.","errors":[{"message":"Compute Engine API has not been used in project 682248918203 before or it is disabled. Enable it by visiting https://console.developers.google.com/apis/api/compute.googleapis.com/overview?project=682248918203 then retry. If you enabled this API recently, wait a few minutes for the action to propagate to our systems and retry.","domain":"usageLimits","reason":"accessNotConfigured","extendedHelp":"https://console.developers.google.com"}],"status":"PERMISSION_DENIED","details":[{"@type":"type.googleapis.com/google.rpc.ErrorInfo","reason":"SERVICE_DISABLED","domain":"googleapis.com","metadata":{"service":"compute.googleapis.com","serviceTitle":"Compute Engine API","activationUrl":"https://console.developers.google.com/apis/api/compute.googleapis.com/overview?project=682248918203","containerInfo":"682248918203","consumer":"projects/682248918203"}},{"@type":"type.googleapis.com/google.rpc.LocalizedMessage","locale":"en-US","message":"Compute Engine API has not been used in project 682248918203 before or it is disabled. Enable it by visiting https://console.developers.google.com/apis/api/compute.googleapis.com/overview?project=682248918203 then retry. If you enabled this API recently, wait a few minutes for the action to propagate to our systems and retry."},{"@type":"type.googleapis.com/google.rpc.Help","links":[{"description":"Google developers console API activation","url":"https://console.developers.google.com/apis/api/compute.googleapis.com/overview?project=682248918203"}]}]}}
[debug] [2026-06-05T13:04:01.661Z] unable to look up default compute service account. Falling back to 682248918203-compute@developer.gserviceaccount.com. Error: {"name":"FirebaseError","children":[],"context":{"body":{"error":{"code":403,"message":"Compute Engine API has not been used in project 682248918203 before or it is disabled. Enable it by visiting https://console.developers.google.com/apis/api/compute.googleapis.com/overview?project=682248918203 then retry. If you enabled this API recently, wait a few minutes for the action to propagate to our systems and retry.","errors":[{"message":"Compute Engine API has not been used in project 682248918203 before or it is disabled. Enable it by visiting https://console.developers.google.com/apis/api/compute.googleapis.com/overview?project=682248918203 then retry. If you enabled this API recently, wait a few minutes for the action to propagate to our systems and retry.","domain":"usageLimits","reason":"accessNotConfigured","extendedHelp":"https://console.developers.google.com"}],"status":"PERMISSION_DENIED","details":[{"@type":"type.googleapis.com/google.rpc.ErrorInfo","reason":"SERVICE_DISABLED","domain":"googleapis.com","metadata":{"service":"compute.googleapis.com","serviceTitle":"Compute Engine API","activationUrl":"https://console.developers.google.com/apis/api/compute.googleapis.com/overview?project=682248918203","containerInfo":"682248918203","consumer":"projects/682248918203"}},{"@type":"type.googleapis.com/google.rpc.LocalizedMessage","locale":"en-US","message":"Compute Engine API has not been used in project 682248918203 before or it is disabled. Enable it by visiting https://console.developers.google.com/apis/api/compute.googleapis.com/overview?project=682248918203 then retry. If you enabled this API recently, wait a few minutes for the action to propagate to our systems and retry."},{"@type":"type.googleapis.com/google.rpc.Help","links":[{"description":"Google developers console API activation","url":"https://console.developers.google.com/apis/api/compute.googleapis.com/overview?project=682248918203"}]}]}},"response":{"statusCode":403}},"exit":1,"message":"Request to https://compute.googleapis.com/compute/v1/projects/682248918203 had HTTP Error: 403, Compute Engine API has not been used in project 682248918203 before or it is disabled. Enable it by visiting https://console.developers.google.com/apis/api/compute.googleapis.com/overview?project=682248918203 then retry. If you enabled this API recently, wait a few minutes for the action to propagate to our systems and retry.","status":403}
[debug] [2026-06-05T13:04:01.661Z] Checked if tokens are valid: true, expires at: 1780666248890
[debug] [2026-06-05T13:04:01.661Z] Checked if tokens are valid: true, expires at: 1780666248890
[debug] [2026-06-05T13:04:01.662Z] >>> [apiv2][query] GET https://compute.googleapis.com/compute/v1/projects/682248918203 [none]
[debug] [2026-06-05T13:04:01.859Z] <<< [apiv2][status] GET https://compute.googleapis.com/compute/v1/projects/682248918203 403
[debug] [2026-06-05T13:04:01.859Z] <<< [apiv2][body] GET https://compute.googleapis.com/compute/v1/projects/682248918203 {"error":{"code":403,"message":"Compute Engine API has not been used in project 682248918203 before or it is disabled. Enable it by visiting https://console.developers.google.com/apis/api/compute.googleapis.com/overview?project=682248918203 then retry. If you enabled this API recently, wait a few minutes for the action to propagate to our systems and retry.","errors":[{"message":"Compute Engine API has not been used in project 682248918203 before or it is disabled. Enable it by visiting https://console.developers.google.com/apis/api/compute.googleapis.com/overview?project=682248918203 then retry. If you enabled this API recently, wait a few minutes for the action to propagate to our systems and retry.","domain":"usageLimits","reason":"accessNotConfigured","extendedHelp":"https://console.developers.google.com"}],"status":"PERMISSION_DENIED","details":[{"@type":"type.googleapis.com/google.rpc.ErrorInfo","reason":"SERVICE_DISABLED","domain":"googleapis.com","metadata":{"service":"compute.googleapis.com","activationUrl":"https://console.developers.google.com/apis/api/compute.googleapis.com/overview?project=682248918203","consumer":"projects/682248918203","serviceTitle":"Compute Engine API","containerInfo":"682248918203"}},{"@type":"type.googleapis.com/google.rpc.LocalizedMessage","locale":"en-US","message":"Compute Engine API has not been used in project 682248918203 before or it is disabled. Enable it by visiting https://console.developers.google.com/apis/api/compute.googleapis.com/overview?project=682248918203 then retry. If you enabled this API recently, wait a few minutes for the action to propagate to our systems and retry."},{"@type":"type.googleapis.com/google.rpc.Help","links":[{"description":"Google developers console API activation","url":"https://console.developers.google.com/apis/api/compute.googleapis.com/overview?project=682248918203"}]}]}}
[debug] [2026-06-05T13:04:01.859Z] unable to look up default compute service account. Falling back to 682248918203-compute@developer.gserviceaccount.com. Error: {"name":"FirebaseError","children":[],"context":{"body":{"error":{"code":403,"message":"Compute Engine API has not been used in project 682248918203 before or it is disabled. Enable it by visiting https://console.developers.google.com/apis/api/compute.googleapis.com/overview?project=682248918203 then retry. If you enabled this API recently, wait a few minutes for the action to propagate to our systems and retry.","errors":[{"message":"Compute Engine API has not been used in project 682248918203 before or it is disabled. Enable it by visiting https://console.developers.google.com/apis/api/compute.googleapis.com/overview?project=682248918203 then retry. If you enabled this API recently, wait a few minutes for the action to propagate to our systems and retry.","domain":"usageLimits","reason":"accessNotConfigured","extendedHelp":"https://console.developers.google.com"}],"status":"PERMISSION_DENIED","details":[{"@type":"type.googleapis.com/google.rpc.ErrorInfo","reason":"SERVICE_DISABLED","domain":"googleapis.com","metadata":{"service":"compute.googleapis.com","activationUrl":"https://console.developers.google.com/apis/api/compute.googleapis.com/overview?project=682248918203","consumer":"projects/682248918203","serviceTitle":"Compute Engine API","containerInfo":"682248918203"}},{"@type":"type.googleapis.com/google.rpc.LocalizedMessage","locale":"en-US","message":"Compute Engine API has not been used in project 682248918203 before or it is disabled. Enable it by visiting https://console.developers.google.com/apis/api/compute.googleapis.com/overview?project=682248918203 then retry. If you enabled this API recently, wait a few minutes for the action to propagate to our systems and retry."},{"@type":"type.googleapis.com/google.rpc.Help","links":[{"description":"Google developers console API activation","url":"https://console.developers.google.com/apis/api/compute.googleapis.com/overview?project=682248918203"}]}]}},"response":{"statusCode":403}},"exit":1,"message":"Request to https://compute.googleapis.com/compute/v1/projects/682248918203 had HTTP Error: 403, Compute Engine API has not been used in project 682248918203 before or it is disabled. Enable it by visiting https://console.developers.google.com/apis/api/compute.googleapis.com/overview?project=682248918203 then retry. If you enabled this API recently, wait a few minutes for the action to propagate to our systems and retry.","status":403}
[debug] [2026-06-05T13:04:01.860Z] Checked if tokens are valid: true, expires at: 1780666248890
[debug] [2026-06-05T13:04:01.860Z] Checked if tokens are valid: true, expires at: 1780666248890
[debug] [2026-06-05T13:04:01.860Z] >>> [apiv2][query] GET https://compute.googleapis.com/compute/v1/projects/682248918203 [none]
[debug] [2026-06-05T13:04:02.090Z] <<< [apiv2][status] GET https://compute.googleapis.com/compute/v1/projects/682248918203 403
[debug] [2026-06-05T13:04:02.090Z] <<< [apiv2][body] GET https://compute.googleapis.com/compute/v1/projects/682248918203 {"error":{"code":403,"message":"Compute Engine API has not been used in project 682248918203 before or it is disabled. Enable it by visiting https://console.developers.google.com/apis/api/compute.googleapis.com/overview?project=682248918203 then retry. If you enabled this API recently, wait a few minutes for the action to propagate to our systems and retry.","errors":[{"message":"Compute Engine API has not been used in project 682248918203 before or it is disabled. Enable it by visiting https://console.developers.google.com/apis/api/compute.googleapis.com/overview?project=682248918203 then retry. If you enabled this API recently, wait a few minutes for the action to propagate to our systems and retry.","domain":"usageLimits","reason":"accessNotConfigured","extendedHelp":"https://console.developers.google.com"}],"status":"PERMISSION_DENIED","details":[{"@type":"type.googleapis.com/google.rpc.ErrorInfo","reason":"SERVICE_DISABLED","domain":"googleapis.com","metadata":{"consumer":"projects/682248918203","activationUrl":"https://console.developers.google.com/apis/api/compute.googleapis.com/overview?project=682248918203","containerInfo":"682248918203","serviceTitle":"Compute Engine API","service":"compute.googleapis.com"}},{"@type":"type.googleapis.com/google.rpc.LocalizedMessage","locale":"en-US","message":"Compute Engine API has not been used in project 682248918203 before or it is disabled. Enable it by visiting https://console.developers.google.com/apis/api/compute.googleapis.com/overview?project=682248918203 then retry. If you enabled this API recently, wait a few minutes for the action to propagate to our systems and retry."},{"@type":"type.googleapis.com/google.rpc.Help","links":[{"description":"Google developers console API activation","url":"https://console.developers.google.com/apis/api/compute.googleapis.com/overview?project=682248918203"}]}]}}
[debug] [2026-06-05T13:04:02.091Z] unable to look up default compute service account. Falling back to 682248918203-compute@developer.gserviceaccount.com. Error: {"name":"FirebaseError","children":[],"context":{"body":{"error":{"code":403,"message":"Compute Engine API has not been used in project 682248918203 before or it is disabled. Enable it by visiting https://console.developers.google.com/apis/api/compute.googleapis.com/overview?project=682248918203 then retry. If you enabled this API recently, wait a few minutes for the action to propagate to our systems and retry.","errors":[{"message":"Compute Engine API has not been used in project 682248918203 before or it is disabled. Enable it by visiting https://console.developers.google.com/apis/api/compute.googleapis.com/overview?project=682248918203 then retry. If you enabled this API recently, wait a few minutes for the action to propagate to our systems and retry.","domain":"usageLimits","reason":"accessNotConfigured","extendedHelp":"https://console.developers.google.com"}],"status":"PERMISSION_DENIED","details":[{"@type":"type.googleapis.com/google.rpc.ErrorInfo","reason":"SERVICE_DISABLED","domain":"googleapis.com","metadata":{"consumer":"projects/682248918203","activationUrl":"https://console.developers.google.com/apis/api/compute.googleapis.com/overview?project=682248918203","containerInfo":"682248918203","serviceTitle":"Compute Engine API","service":"compute.googleapis.com"}},{"@type":"type.googleapis.com/google.rpc.LocalizedMessage","locale":"en-US","message":"Compute Engine API has not been used in project 682248918203 before or it is disabled. Enable it by visiting https://console.developers.google.com/apis/api/compute.googleapis.com/overview?project=682248918203 then retry. If you enabled this API recently, wait a few minutes for the action to propagate to our systems and retry."},{"@type":"type.googleapis.com/google.rpc.Help","links":[{"description":"Google developers console API activation","url":"https://console.developers.google.com/apis/api/compute.googleapis.com/overview?project=682248918203"}]}]}},"response":{"statusCode":403}},"exit":1,"message":"Request to https://compute.googleapis.com/compute/v1/projects/682248918203 had HTTP Error: 403, Compute Engine API has not been used in project 682248918203 before or it is disabled. Enable it by visiting https://console.developers.google.com/apis/api/compute.googleapis.com/overview?project=682248918203 then retry. If you enabled this API recently, wait a few minutes for the action to propagate to our systems and retry.","status":403}
[debug] [2026-06-05T13:04:02.091Z] Checked if tokens are valid: true, expires at: 1780666248890
[debug] [2026-06-05T13:04:02.091Z] Checked if tokens are valid: true, expires at: 1780666248890
[debug] [2026-06-05T13:04:02.092Z] >>> [apiv2][query] GET https://compute.googleapis.com/compute/v1/projects/682248918203 [none]
[debug] [2026-06-05T13:04:02.309Z] <<< [apiv2][status] GET https://compute.googleapis.com/compute/v1/projects/682248918203 403
[debug] [2026-06-05T13:04:02.310Z] <<< [apiv2][body] GET https://compute.googleapis.com/compute/v1/projects/682248918203 {"error":{"code":403,"message":"Compute Engine API has not been used in project 682248918203 before or it is disabled. Enable it by visiting https://console.developers.google.com/apis/api/compute.googleapis.com/overview?project=682248918203 then retry. If you enabled this API recently, wait a few minutes for the action to propagate to our systems and retry.","errors":[{"message":"Compute Engine API has not been used in project 682248918203 before or it is disabled. Enable it by visiting https://console.developers.google.com/apis/api/compute.googleapis.com/overview?project=682248918203 then retry. If you enabled this API recently, wait a few minutes for the action to propagate to our systems and retry.","domain":"usageLimits","reason":"accessNotConfigured","extendedHelp":"https://console.developers.google.com"}],"status":"PERMISSION_DENIED","details":[{"@type":"type.googleapis.com/google.rpc.ErrorInfo","reason":"SERVICE_DISABLED","domain":"googleapis.com","metadata":{"containerInfo":"682248918203","consumer":"projects/682248918203","activationUrl":"https://console.developers.google.com/apis/api/compute.googleapis.com/overview?project=682248918203","serviceTitle":"Compute Engine API","service":"compute.googleapis.com"}},{"@type":"type.googleapis.com/google.rpc.LocalizedMessage","locale":"en-US","message":"Compute Engine API has not been used in project 682248918203 before or it is disabled. Enable it by visiting https://console.developers.google.com/apis/api/compute.googleapis.com/overview?project=682248918203 then retry. If you enabled this API recently, wait a few minutes for the action to propagate to our systems and retry."},{"@type":"type.googleapis.com/google.rpc.Help","links":[{"description":"Google developers console API activation","url":"https://console.developers.google.com/apis/api/compute.googleapis.com/overview?project=682248918203"}]}]}}
[debug] [2026-06-05T13:04:02.310Z] unable to look up default compute service account. Falling back to 682248918203-compute@developer.gserviceaccount.com. Error: {"name":"FirebaseError","children":[],"context":{"body":{"error":{"code":403,"message":"Compute Engine API has not been used in project 682248918203 before or it is disabled. Enable it by visiting https://console.developers.google.com/apis/api/compute.googleapis.com/overview?project=682248918203 then retry. If you enabled this API recently, wait a few minutes for the action to propagate to our systems and retry.","errors":[{"message":"Compute Engine API has not been used in project 682248918203 before or it is disabled. Enable it by visiting https://console.developers.google.com/apis/api/compute.googleapis.com/overview?project=682248918203 then retry. If you enabled this API recently, wait a few minutes for the action to propagate to our systems and retry.","domain":"usageLimits","reason":"accessNotConfigured","extendedHelp":"https://console.developers.google.com"}],"status":"PERMISSION_DENIED","details":[{"@type":"type.googleapis.com/google.rpc.ErrorInfo","reason":"SERVICE_DISABLED","domain":"googleapis.com","metadata":{"containerInfo":"682248918203","consumer":"projects/682248918203","activationUrl":"https://console.developers.google.com/apis/api/compute.googleapis.com/overview?project=682248918203","serviceTitle":"Compute Engine API","service":"compute.googleapis.com"}},{"@type":"type.googleapis.com/google.rpc.LocalizedMessage","locale":"en-US","message":"Compute Engine API has not been used in project 682248918203 before or it is disabled. Enable it by visiting https://console.developers.google.com/apis/api/compute.googleapis.com/overview?project=682248918203 then retry. If you enabled this API recently, wait a few minutes for the action to propagate to our systems and retry."},{"@type":"type.googleapis.com/google.rpc.Help","links":[{"description":"Google developers console API activation","url":"https://console.developers.google.com/apis/api/compute.googleapis.com/overview?project=682248918203"}]}]}},"response":{"statusCode":403}},"exit":1,"message":"Request to https://compute.googleapis.com/compute/v1/projects/682248918203 had HTTP Error: 403, Compute Engine API has not been used in project 682248918203 before or it is disabled. Enable it by visiting https://console.developers.google.com/apis/api/compute.googleapis.com/overview?project=682248918203 then retry. If you enabled this API recently, wait a few minutes for the action to propagate to our systems and retry.","status":403}
[debug] [2026-06-05T13:04:02.312Z] Checked if tokens are valid: true, expires at: 1780666248890
[debug] [2026-06-05T13:04:02.312Z] Checked if tokens are valid: true, expires at: 1780666248890
[debug] [2026-06-05T13:04:02.312Z] >>> [apiv2][query] GET https://cloudbilling.googleapis.com/v1/projects/memulaim-88a26/billingInfo [none]
[debug] [2026-06-05T13:04:03.157Z] <<< [apiv2][status] GET https://cloudbilling.googleapis.com/v1/projects/memulaim-88a26/billingInfo 200
[debug] [2026-06-05T13:04:03.157Z] <<< [apiv2][body] GET https://cloudbilling.googleapis.com/v1/projects/memulaim-88a26/billingInfo {"name":"projects/memulaim-88a26/billingInfo","projectId":"memulaim-88a26","billingAccountName":"billingAccounts/01DD02-472807-3AAC79","billingEnabled":true}
[debug] [2026-06-05T13:04:03.162Z] Checked if tokens are valid: true, expires at: 1780666248890
[debug] [2026-06-05T13:04:03.162Z] Checked if tokens are valid: true, expires at: 1780666248890
[debug] [2026-06-05T13:04:03.162Z] >>> [apiv2][query] POST https://cloudfunctions.googleapis.com/v2/projects/memulaim-88a26/locations/me-west1/functions:generateUploadUrl [none]
[debug] [2026-06-05T13:04:03.956Z] <<< [apiv2][status] POST https://cloudfunctions.googleapis.com/v2/projects/memulaim-88a26/locations/me-west1/functions:generateUploadUrl 200
[debug] [2026-06-05T13:04:03.956Z] <<< [apiv2][body] POST https://cloudfunctions.googleapis.com/v2/projects/memulaim-88a26/locations/me-west1/functions:generateUploadUrl {"uploadUrl":"https://storage.googleapis.com/gcf-v2-uploads-682248918203.me-west1.cloudfunctions.appspot.com/de7c6852-33fe-44f6-babc-1fd0541f435e.zip?GoogleAccessId=service-682248918203@gcf-admin-robot.iam.gserviceaccount.com&Expires=1780666444&Signature=F3dA14dPtvzguSz0pRO5ANoPwJzSD%2BlsM67UYReypK8NQhn5L%2FZGu%2BLB04vHOLBRmvtQoGZ%2BsfLFs%2BbRQcwANF7mEO38CPclrn4n0aOA9th00%2BAzKHixP4Ve4ntt74o06lcViLXUVFJkwOGEUAmpOq6j2YYR68LtjIAR3J%2F%2BCQGwBGBes1OJwnkUGS%2BO0mbHBxMA8qM6nx2%2FEJxdM5QNd1O8cQ06LCWFnucoG5lkYCtCM20igt1uksZ%2FN3hcwT1VwPE%2BmDgLhVBcr44tGz628ZgrUX6ZYm0vDKK5gLI2ucKarKfIWPcI%2FagWJn2qMBWWGN4wFbkSalTp7gDld6qjVg%3D%3D","storageSource":{"bucket":"gcf-v2-uploads-682248918203.me-west1.cloudfunctions.appspot.com","object":"de7c6852-33fe-44f6-babc-1fd0541f435e.zip"}}
[debug] [2026-06-05T13:04:03.960Z] >>> [apiv2][query] PUT https://storage.googleapis.com/gcf-v2-uploads-682248918203.me-west1.cloudfunctions.appspot.com/de7c6852-33fe-44f6-babc-1fd0541f435e.zip GoogleAccessId=service-682248918203%40gcf-admin-robot.iam.gserviceaccount.com&Expires=1780666444&Signature=F3dA14dPtvzguSz0pRO5ANoPwJzSD%2BlsM67UYReypK8NQhn5L%2FZGu%2BLB04vHOLBRmvtQoGZ%2BsfLFs%2BbRQcwANF7mEO38CPclrn4n0aOA9th00%2BAzKHixP4Ve4ntt74o06lcViLXUVFJkwOGEUAmpOq6j2YYR68LtjIAR3J%2F%2BCQGwBGBes1OJwnkUGS%2BO0mbHBxMA8qM6nx2%2FEJxdM5QNd1O8cQ06LCWFnucoG5lkYCtCM20igt1uksZ%2FN3hcwT1VwPE%2BmDgLhVBcr44tGz628ZgrUX6ZYm0vDKK5gLI2ucKarKfIWPcI%2FagWJn2qMBWWGN4wFbkSalTp7gDld6qjVg%3D%3D
[debug] [2026-06-05T13:04:03.961Z] >>> [apiv2][body] PUT https://storage.googleapis.com/gcf-v2-uploads-682248918203.me-west1.cloudfunctions.appspot.com/de7c6852-33fe-44f6-babc-1fd0541f435e.zip [stream]
[debug] [2026-06-05T13:04:04.589Z] <<< [apiv2][status] PUT https://storage.googleapis.com/gcf-v2-uploads-682248918203.me-west1.cloudfunctions.appspot.com/de7c6852-33fe-44f6-babc-1fd0541f435e.zip 200
[debug] [2026-06-05T13:04:04.589Z] <<< [apiv2][body] PUT https://storage.googleapis.com/gcf-v2-uploads-682248918203.me-west1.cloudfunctions.appspot.com/de7c6852-33fe-44f6-babc-1fd0541f435e.zip [omitted]
[info] +  functions: functions source uploaded successfully 
[info] i  functions: updating Node.js 24 (2nd Gen) function onNewSoldierRequest(me-west1)... 
[info] i  functions: updating Node.js 24 (2nd Gen) function onNewFamilyHosting(me-west1)... 
[info] i  functions: updating Node.js 24 (2nd Gen) function onHostingStatusChange(me-west1)... 
[info] i  functions: creating Node.js 24 (2nd Gen) function triggerMatchingForDate(us-central1)... 
[info] i  functions: updating Node.js 24 (2nd Gen) function checkPendingRequests(us-central1)... 
[info] i  functions: updating Node.js 24 (2nd Gen) function requestRematch(us-central1)... 
[info] i  functions: updating Node.js 24 (2nd Gen) function migrateValues(us-central1)... 
[info] i  functions: updating Node.js 24 (2nd Gen) function confirmMatch(us-central1)... 
[info] i  functions: updating Node.js 24 (2nd Gen) function cancelHosting(us-central1)... 
[debug] [2026-06-05T13:04:04.600Z] Checked if tokens are valid: true, expires at: 1780666248890
[debug] [2026-06-05T13:04:04.600Z] Checked if tokens are valid: true, expires at: 1780666248890
[debug] [2026-06-05T13:04:04.600Z] Checked if tokens are valid: true, expires at: 1780666248890
[debug] [2026-06-05T13:04:04.600Z] Checked if tokens are valid: true, expires at: 1780666248890
[debug] [2026-06-05T13:04:04.600Z] >>> [apiv2][query] PATCH https://cloudfunctions.googleapis.com/v2/projects/memulaim-88a26/locations/me-west1/functions/onNewSoldierRequest updateMask=name%2CbuildConfig.runtime%2CbuildConfig.entryPoint%2CbuildConfig.source.storageSource.bucket%2CbuildConfig.source.storageSource.object%2CbuildConfig.environmentVariables%2CbuildConfig.sourceToken%2CserviceConfig.environmentVariables%2CserviceConfig.ingressSettings%2CserviceConfig.timeoutSeconds%2CserviceConfig.serviceAccountEmail%2CserviceConfig.availableMemory%2CserviceConfig.minInstanceCount%2CserviceConfig.maxInstanceCount%2CserviceConfig.maxInstanceRequestConcurrency%2CserviceConfig.availableCpu%2CserviceConfig.vpcConnector%2CserviceConfig.vpcConnectorEgressSettings%2CserviceConfig.directVpcNetworkInterface%2CserviceConfig.directVpcEgress%2Clabels%2CeventTrigger.eventType%2CeventTrigger.retryPolicy%2CeventTrigger.eventFilters%2CeventTrigger.triggerRegion
[debug] [2026-06-05T13:04:04.600Z] >>> [apiv2][body] PATCH https://cloudfunctions.googleapis.com/v2/projects/memulaim-88a26/locations/me-west1/functions/onNewSoldierRequest {"name":"projects/memulaim-88a26/locations/me-west1/functions/onNewSoldierRequest","buildConfig":{"runtime":"nodejs24","entryPoint":"onNewSoldierRequest","source":{"storageSource":{"bucket":"gcf-v2-uploads-682248918203.me-west1.cloudfunctions.appspot.com","object":"de7c6852-33fe-44f6-babc-1fd0541f435e.zip"}},"environmentVariables":{"GOOGLE_NODE_RUN_SCRIPTS":""}},"serviceConfig":{"environmentVariables":{"FIREBASE_CONFIG":"{\"projectId\":\"memulaim-88a26\",\"storageBucket\":\"memulaim-88a26.firebasestorage.app\"}","GCLOUD_PROJECT":"memulaim-88a26","EVENTARC_CLOUD_EVENT_SOURCE":"projects/memulaim-88a26/locations/me-west1/services/onNewSoldierRequest","FUNCTION_SIGNATURE_TYPE":"cloudevent","FUNCTION_TARGET":"onNewSoldierRequest","LOG_EXECUTION_ID":"true"},"ingressSettings":null,"timeoutSeconds":null,"serviceAccountEmail":null,"availableMemory":"256Mi","minInstanceCount":null,"maxInstanceCount":10,"maxInstanceRequestConcurrency":80,"availableCpu":"1","vpcConnector":null,"vpcConnectorEgressSettings":null,"directVpcNetworkInterface":null,"directVpcEgress":null},"labels":{"deployment-tool":"cli-firebase","firebase-functions-hash":"904b37454dde362449d96eaccfa40781401c3ff1"},"eventTrigger":{"eventType":"google.cloud.firestore.document.v1.created","retryPolicy":"RETRY_POLICY_DO_NOT_RETRY","eventFilters":[{"attribute":"database","value":"(default)"},{"attribute":"namespace","value":"(default)"},{"attribute":"document","value":"soldier_hosting_searches/{requestId}","operator":"match-path-pattern"}],"triggerRegion":"me-west1"}}
[debug] [2026-06-05T13:04:04.601Z] >>> [apiv2][query] POST https://cloudfunctions.googleapis.com/v2/projects/memulaim-88a26/locations/us-central1/functions functionId=triggerMatchingForDate
[debug] [2026-06-05T13:04:04.601Z] >>> [apiv2][body] POST https://cloudfunctions.googleapis.com/v2/projects/memulaim-88a26/locations/us-central1/functions {"name":"projects/memulaim-88a26/locations/us-central1/functions/triggerMatchingForDate","buildConfig":{"runtime":"nodejs24","entryPoint":"triggerMatchingForDate","source":{"storageSource":{"bucket":"gcf-v2-uploads-682248918203.me-west1.cloudfunctions.appspot.com","object":"de7c6852-33fe-44f6-babc-1fd0541f435e.zip"}},"environmentVariables":{"GOOGLE_NODE_RUN_SCRIPTS":""}},"serviceConfig":{"environmentVariables":{"FIREBASE_CONFIG":"{\"projectId\":\"memulaim-88a26\",\"storageBucket\":\"memulaim-88a26.firebasestorage.app\"}","GCLOUD_PROJECT":"memulaim-88a26","EVENTARC_CLOUD_EVENT_SOURCE":"projects/memulaim-88a26/locations/us-central1/services/triggerMatchingForDate","FUNCTION_TARGET":"triggerMatchingForDate","LOG_EXECUTION_ID":"true"},"ingressSettings":null,"timeoutSeconds":null,"serviceAccountEmail":null,"availableMemory":"256Mi","minInstanceCount":null,"maxInstanceCount":10,"maxInstanceRequestConcurrency":80,"availableCpu":"1","vpcConnector":null,"vpcConnectorEgressSettings":null,"directVpcNetworkInterface":null,"directVpcEgress":null},"labels":{"deployment-tool":"cli-firebase","deployment-callable":"true","firebase-functions-hash":"904b37454dde362449d96eaccfa40781401c3ff1"}}
